This is pdfTeX, Version 3.141592653-2.6-1.40.26 (MiKTeX 24.4) (preloaded format=pdflatex 2024.11.6)  9 NOV 2024 15:17
entering extended mode
 restricted \write18 enabled.
 file:line:error style messages enabled.
 %&-line parsing enabled.
**"d:/Studies/1CS/S1/RES 1/ProjetReseau/Rapport.tex"
(d:/Studies/1CS/S1/RES 1/ProjetReseau/Rapport.tex
LaTeX2e <2024-11-01>
L3 programming layer <2024-10-09>
(D:\Programs\MiKTeX\tex/latex/base\article.cls
Document Class: article 2024/06/29 v1.4n Standard LaTeX document class
(D:\Programs\MiKTeX\tex/latex/base\size12.clo
File: size12.clo 2024/06/29 v1.4n Standard LaTeX file (size option)
)
\c@part=\count196
\c@section=\count197
\c@subsection=\count198
\c@subsubsection=\count199
\c@paragraph=\count266
\c@subparagraph=\count267
\c@figure=\count268
\c@table=\count269
\abovecaptionskip=\skip49
\belowcaptionskip=\skip50
\bibindent=\dimen141
) (D:\Programs\MiKTeX\tex/latex/geometry\geometry.sty
Package: geometry 2020/01/02 v5.9 Page Geometry
 (D:\Programs\MiKTeX\tex/latex/graphics\keyval.sty
Package: keyval 2022/05/29 v1.15 key=value parser (DPC)
\KV@toks@=\toks17
) (D:\Programs\MiKTeX\tex/generic/iftex\ifvtex.sty
Package: ifvtex 2019/10/25 v1.7 ifvtex legacy package. Use iftex instead.
 (D:\Programs\MiKTeX\tex/generic/iftex\iftex.sty
Package: iftex 2022/02/03 v1.0f TeX engine tests
))
\Gm@cnth=\count270
\Gm@cntv=\count271
\c@Gm@tempcnt=\count272
\Gm@bindingoffset=\dimen142
\Gm@wd@mp=\dimen143
\Gm@odd@mp=\dimen144
\Gm@even@mp=\dimen145
\Gm@layoutwidth=\dimen146
\Gm@layoutheight=\dimen147
\Gm@layouthoffset=\dimen148
\Gm@layoutvoffset=\dimen149
\Gm@dimlist=\toks18
 (D:\Programs\MiKTeX\tex/latex/geometry\geometry.cfg)) (D:\Programs\MiKTeX\tex/latex/graphics\graphicx.sty
Package: graphicx 2021/09/16 v1.2d Enhanced LaTeX Graphics (DPC,SPQR)
 (D:\Programs\MiKTeX\tex/latex/graphics\graphics.sty
Package: graphics 2024/08/06 v1.4g Standard LaTeX Graphics (DPC,SPQR)
 (D:\Programs\MiKTeX\tex/latex/graphics\trig.sty
Package: trig 2023/12/02 v1.11 sin cos tan (DPC)
) (D:\Programs\MiKTeX\tex/latex/graphics-cfg\graphics.cfg
File: graphics.cfg 2016/06/04 v1.11 sample graphics configuration
)
Package graphics Info: Driver file: pdftex.def on input line 106.
 (D:\Programs\MiKTeX\tex/latex/graphics-def\pdftex.def
File: pdftex.def 2024/04/13 v1.2c Graphics/color driver for pdftex
))
\Gin@req@height=\dimen150
\Gin@req@width=\dimen151
) (D:\Programs\MiKTeX\tex/latex/lm\lmodern.sty
Package: lmodern 2015/05/01 v1.6.1 Latin Modern Fonts
LaTeX Font Info:    Overwriting symbol font `operators' in version `normal'
(Font)                  OT1/cmr/m/n --> OT1/lmr/m/n on input line 22.
LaTeX Font Info:    Overwriting symbol font `letters' in version `normal'
(Font)                  OML/cmm/m/it --> OML/lmm/m/it on input line 23.
LaTeX Font Info:    Overwriting symbol font `symbols' in version `normal'
(Font)                  OMS/cmsy/m/n --> OMS/lmsy/m/n on input line 24.
LaTeX Font Info:    Overwriting symbol font `largesymbols' in version `normal'
(Font)                  OMX/cmex/m/n --> OMX/lmex/m/n on input line 25.
LaTeX Font Info:    Overwriting symbol font `operators' in version `bold'
(Font)                  OT1/cmr/bx/n --> OT1/lmr/bx/n on input line 26.
LaTeX Font Info:    Overwriting symbol font `letters' in version `bold'
(Font)                  OML/cmm/b/it --> OML/lmm/b/it on input line 27.
LaTeX Font Info:    Overwriting symbol font `symbols' in version `bold'
(Font)                  OMS/cmsy/b/n --> OMS/lmsy/b/n on input line 28.
LaTeX Font Info:    Overwriting symbol font `largesymbols' in version `bold'
(Font)                  OMX/cmex/m/n --> OMX/lmex/m/n on input line 29.
LaTeX Font Info:    Overwriting math alphabet `\mathbf' in version `normal'
(Font)                  OT1/cmr/bx/n --> OT1/lmr/bx/n on input line 31.
LaTeX Font Info:    Overwriting math alphabet `\mathsf' in version `normal'
(Font)                  OT1/cmss/m/n --> OT1/lmss/m/n on input line 32.
LaTeX Font Info:    Overwriting math alphabet `\mathit' in version `normal'
(Font)                  OT1/cmr/m/it --> OT1/lmr/m/it on input line 33.
LaTeX Font Info:    Overwriting math alphabet `\mathtt' in version `normal'
(Font)                  OT1/cmtt/m/n --> OT1/lmtt/m/n on input line 34.
LaTeX Font Info:    Overwriting math alphabet `\mathbf' in version `bold'
(Font)                  OT1/cmr/bx/n --> OT1/lmr/bx/n on input line 35.
LaTeX Font Info:    Overwriting math alphabet `\mathsf' in version `bold'
(Font)                  OT1/cmss/bx/n --> OT1/lmss/bx/n on input line 36.
LaTeX Font Info:    Overwriting math alphabet `\mathit' in version `bold'
(Font)                  OT1/cmr/bx/it --> OT1/lmr/bx/it on input line 37.
LaTeX Font Info:    Overwriting math alphabet `\mathtt' in version `bold'
(Font)                  OT1/cmtt/m/n --> OT1/lmtt/m/n on input line 38.
)
LaTeX Font Info:    Trying to load font information for OT1+lmr on input line 6.
 (D:\Programs\MiKTeX\tex/latex/lm\ot1lmr.fd
File: ot1lmr.fd 2015/05/01 v1.6.1 Font defs for Latin Modern
) (D:\Programs\MiKTeX\tex/latex/l3backend\l3backend-pdftex.def
File: l3backend-pdftex.def 2024-05-08 L3 backend support: PDF output (pdfTeX)
\l__color_backend_stack_int=\count273
\l__pdf_internal_box=\box52
) (Rapport.aux)
\openout1 = `Rapport.aux'.

LaTeX Font Info:    Checking defaults for OML/cmm/m/it on input line 6.
LaTeX Font Info:    ... okay on input line 6.
LaTeX Font Info:    Checking defaults for OMS/cmsy/m/n on input line 6.
LaTeX Font Info:    ... okay on input line 6.
LaTeX Font Info:    Checking defaults for OT1/cmr/m/n on input line 6.
LaTeX Font Info:    ... okay on input line 6.
LaTeX Font Info:    Checking defaults for T1/cmr/m/n on input line 6.
LaTeX Font Info:    ... okay on input line 6.
LaTeX Font Info:    Checking defaults for TS1/cmr/m/n on input line 6.
LaTeX Font Info:    ... okay on input line 6.
LaTeX Font Info:    Checking defaults for OMX/cmex/m/n on input line 6.
LaTeX Font Info:    ... okay on input line 6.
LaTeX Font Info:    Checking defaults for U/cmr/m/n on input line 6.
LaTeX Font Info:    ... okay on input line 6.

*geometry* driver: auto-detecting
*geometry* detected driver: pdftex
*geometry* verbose mode - [ preamble ] result:
* driver: pdftex
* paper: a4paper
* layout: <same size as paper>
* layoutoffset:(h,v)=(0.0pt,0.0pt)
* modes: 
* h-part:(L,W,R)=(72.26999pt, 452.9679pt, 72.26999pt)
* v-part:(T,H,B)=(72.26999pt, 700.50687pt, 72.26999pt)
* \paperwidth=597.50787pt
* \paperheight=845.04684pt
* \textwidth=452.9679pt
* \textheight=700.50687pt
* \oddsidemargin=0.0pt
* \evensidemargin=0.0pt
* \topmargin=-37.0pt
* \headheight=12.0pt
* \headsep=25.0pt
* \topskip=12.0pt
* \footskip=30.0pt
* \marginparwidth=35.0pt
* \marginparsep=10.0pt
* \columnsep=10.0pt
* \skip\footins=10.8pt plus 4.0pt minus 2.0pt
* \hoffset=0.0pt
* \voffset=0.0pt
* \mag=1000
* \@twocolumnfalse
* \@twosidefalse
* \@mparswitchfalse
* \@reversemarginfalse
* (1in=72.27pt=25.4mm, 1cm=28.453pt)

(D:\Programs\MiKTeX\tex/context/base/mkii\supp-pdf.mkii
[Loading MPS to PDF converter (version 2006.09.02).]
\scratchcounter=\count274
\scratchdimen=\dimen152
\scratchbox=\box53
\nofMPsegments=\count275
\nofMParguments=\count276
\everyMPshowfont=\toks19
\MPscratchCnt=\count277
\MPscratchDim=\dimen153
\MPnumerator=\count278
\makeMPintoPDFobject=\count279
\everyMPtoPDFconversion=\toks20
) (D:\Programs\MiKTeX\tex/latex/epstopdf-pkg\epstopdf-base.sty
Package: epstopdf-base 2020-01-24 v2.11 Base part for package epstopdf
Package epstopdf-base Info: Redefining graphics rule for `.eps' on input line 485.
 (D:\Programs\MiKTeX\tex/latex/00miktex\epstopdf-sys.cfg
File: epstopdf-sys.cfg 2021/03/18 v2.0 Configuration of epstopdf for MiKTeX
)) (header.tex
<./images/esi_header.jpg, id=1, 1193.45876pt x 333.245pt>
File: ./images/esi_header.jpg Graphic file (type jpg)
<use ./images/esi_header.jpg>
Package pdftex.def Info: ./images/esi_header.jpg  used on input line 2.
(pdftex.def)             Requested size: 452.9679pt x 126.48186pt.
)

[1

{C:/Users/mr_ad/AppData/Local/MiKTeX/fonts/map/pdftex/pdftex.map}{D:/Programs/MiKTeX/fonts/enc/dvips/lm/lm-rm.enc} <./images/esi_header.jpg>] (Partie01.tex
<./images/topology.png, id=8, 453.19313pt x 110.4125pt>
File: ./images/topology.png Graphic file (type png)
<use ./images/topology.png>
Package pdftex.def Info: ./images/topology.png  used on input line 5.
(pdftex.def)             Requested size: 452.9679pt x 110.35829pt.

Underfull \hbox (badness 10000) in paragraph at lines 5--6

 []


Underfull \hbox (badness 10000) in paragraph at lines 8--10

 []

<./images/IpBaseSetup.png, id=10, 658.46pt x 444.15938pt>
File: ./images/IpBaseSetup.png Graphic file (type png)
<use ./images/IpBaseSetup.png>
Package pdftex.def Info: ./images/IpBaseSetup.png  used on input line 11.
(pdftex.def)             Requested size: 452.9679pt x 305.55536pt.

Overfull \hbox (17.62482pt too wide) in paragraph at lines 11--12
[][] 
 []


Underfull \hbox (badness 10000) in paragraph at lines 11--12

 []

LaTeX Font Info:    Trying to load font information for TS1+lmr on input line 16.
(D:\Programs\MiKTeX\tex/latex/lm\ts1lmr.fd
File: ts1lmr.fd 2015/05/01 v1.6.1 Font defs for Latin Modern
)

[2{D:/Programs/MiKTeX/fonts/enc/dvips/lm/lm-ts1.enc} <./images/topology.png> <./images/IpBaseSetup.png>] (T1.1.tex
<./images/T1.1/T1.1TopologyPing.png, id=17, 807.7678pt x 517.935pt>
File: ./images/T1.1/T1.1TopologyPing.png Graphic file (type png)
<use ./images/T1.1/T1.1TopologyPing.png>
Package pdftex.def Info: ./images/T1.1/T1.1TopologyPing.png  used on input line 3.
(pdftex.def)             Requested size: 452.9679pt x 290.44466pt.


[3]
<./images/T1.1/125test1.png, id=21, 536.50438pt x 363.3575pt>
File: ./images/T1.1/125test1.png Graphic file (type png)
<use ./images/T1.1/125test1.png>
Package pdftex.def Info: ./images/T1.1/125test1.png  used on input line 7.
(pdftex.def)             Requested size: 452.9679pt x 306.78172pt.
<./images/T1.1/courbe125test1.png, id=22, 320.69812pt x 268.00125pt>
File: ./images/T1.1/courbe125test1.png Graphic file (type png)
<use ./images/T1.1/courbe125test1.png>
Package pdftex.def Info: ./images/T1.1/courbe125test1.png  used on input line 8.
(pdftex.def)             Requested size: 452.9679pt x 378.54427pt.


[4 <./images/T1.1/T1.1TopologyPing.png> <./images/T1.1/125test1.png>]
Underfull \hbox (badness 10000) in paragraph at lines 10--20

 []



[5 <./images/T1.1/courbe125test1.png>]
<./images/T1.1/625test1.png, id=32, 539.01375pt x 378.41376pt>
File: ./images/T1.1/625test1.png Graphic file (type png)
<use ./images/T1.1/625test1.png>
Package pdftex.def Info: ./images/T1.1/625test1.png  used on input line 21.
(pdftex.def)             Requested size: 452.9679pt x 318.00974pt.
<./images/T1.1/courbe625test1.png, id=33, 319.69438pt x 273.02pt>
File: ./images/T1.1/courbe625test1.png Graphic file (type png)
<use ./images/T1.1/courbe625test1.png>
Package pdftex.def Info: ./images/T1.1/courbe625test1.png  used on input line 22.
(pdftex.def)             Requested size: 452.9679pt x 386.84126pt.


[6 <./images/T1.1/625test1.png>]
Underfull \hbox (badness 10000) in paragraph at lines 24--34

 []



[7 <./images/T1.1/courbe625test1.png>]
<./images/T1.1/2500test1.png, id=43, 540.51938pt x 372.39125pt>
File: ./images/T1.1/2500test1.png Graphic file (type png)
<use ./images/T1.1/2500test1.png>
Package pdftex.def Info: ./images/T1.1/2500test1.png  used on input line 35.
(pdftex.def)             Requested size: 452.9679pt x 312.07918pt.
<./images/T1.1/courbe2500test1.png, id=44, 324.21124pt x 274.02374pt>
File: ./images/T1.1/courbe2500test1.png Graphic file (type png)
<use ./images/T1.1/courbe2500test1.png>
Package pdftex.def Info: ./images/T1.1/courbe2500test1.png  used on input line 36.
(pdftex.def)             Requested size: 452.9679pt x 382.87381pt.


[8 <./images/T1.1/2500test1.png>]
Underfull \hbox (badness 10000) in paragraph at lines 38--45

 []



[9 <./images/T1.1/courbe2500test1.png>]
Underfull \hbox (badness 10000) in paragraph at lines 46--50

 []

<./images/T1.1/T1appVSphy.png, id=53, 320.69812pt x 272.51813pt>
File: ./images/T1.1/T1appVSphy.png Graphic file (type png)
<use ./images/T1.1/T1appVSphy.png>
Package pdftex.def Info: ./images/T1.1/T1appVSphy.png  used on input line 51.
(pdftex.def)             Requested size: 452.9679pt x 384.92424pt.
) (T1.2.tex
<./images/T1.2TopologyAndPing.png, id=54, 496.85625pt x 340.77313pt>
File: ./images/T1.2TopologyAndPing.png Graphic file (type png)
<use ./images/T1.2TopologyAndPing.png>
Package pdftex.def Info: ./images/T1.2TopologyAndPing.png  used on input line 3.
(pdftex.def)             Requested size: 452.9679pt x 310.676pt.


[10 <./images/T1.1/T1appVSphy.png>]
<./images/T1.2/125test2.png, id=59, 536.50438pt x 350.81062pt>
File: ./images/T1.2/125test2.png Graphic file (type png)
<use ./images/T1.2/125test2.png>
Package pdftex.def Info: ./images/T1.2/125test2.png  used on input line 7.
(pdftex.def)             Requested size: 452.9679pt x 296.18843pt.
<./images/T1.2/courbe125test2.png, id=60, 321.2pt x 277.035pt>
File: ./images/T1.2/courbe125test2.png Graphic file (type png)
<use ./images/T1.2/courbe125test2.png>
Package pdftex.def Info: ./images/T1.2/courbe125test2.png  used on input line 8.
(pdftex.def)             Requested size: 452.9679pt x 390.69548pt.


[11 <./images/T1.2TopologyAndPing.png> <./images/T1.2/125test2.png>]
Underfull \hbox (badness 10000) in paragraph at lines 14--27

 []


Underfull \hbox (badness 10000) in paragraph at lines 14--27

 []



[12 <./images/T1.2/courbe125test2.png>]
<./images/T1.2/625test2.png, id=70, 538.01pt x 364.86313pt>
File: ./images/T1.2/625test2.png Graphic file (type png)
<use ./images/T1.2/625test2.png>
Package pdftex.def Info: ./images/T1.2/625test2.png  used on input line 28.
(pdftex.def)             Requested size: 452.9679pt x 307.18999pt.
<./images/T1.2/courbe625test2.png, id=71, 319.69438pt x 274.52562pt>
File: ./images/T1.2/courbe625test2.png Graphic file (type png)
<use ./images/T1.2/courbe625test2.png>
Package pdftex.def Info: ./images/T1.2/courbe625test2.png  used on input line 29.
(pdftex.def)             Requested size: 452.9679pt x 388.97456pt.


[13 <./images/T1.2/625test2.png>]
Underfull \hbox (badness 10000) in paragraph at lines 31--40

 []


Underfull \hbox (badness 10000) in paragraph at lines 31--40

 []



[14 <./images/T1.2/courbe625test2.png>]
<./images/T1.2/2500test2.png, id=81, 538.01pt x 367.87437pt>
File: ./images/T1.2/2500test2.png Graphic file (type png)
<use ./images/T1.2/2500test2.png>
Package pdftex.def Info: ./images/T1.2/2500test2.png  used on input line 43.
(pdftex.def)             Requested size: 452.9679pt x 309.72523pt.
<./images/T1.2/courbe2500test2.png, id=82, 322.70563pt x 274.52562pt>
File: ./images/T1.2/courbe2500test2.png Graphic file (type png)
<use ./images/T1.2/courbe2500test2.png>
Package pdftex.def Info: ./images/T1.2/courbe2500test2.png  used on input line 44.
(pdftex.def)             Requested size: 452.9679pt x 385.35953pt.


[15 <./images/T1.2/2500test2.png>]
Underfull \hbox (badness 10000) in paragraph at lines 46--49

 []


Underfull \hbox (badness 10000) in paragraph at lines 50--61

 []



[16 <./images/T1.2/courbe2500test2.png>]
<./images/T1vsT2pour125.png, id=91, 324.21124pt x 274.52562pt>
File: ./images/T1vsT2pour125.png Graphic file (type png)
<use ./images/T1vsT2pour125.png>
Package pdftex.def Info: ./images/T1vsT2pour125.png  used on input line 70.
(pdftex.def)             Requested size: 452.9679pt x 383.57504pt.
<./images/T1vsT2pour625.png, id=92, 319.69438pt x 272.51813pt>
File: ./images/T1vsT2pour625.png Graphic file (type png)
<use ./images/T1vsT2pour625.png>
Package pdftex.def Info: ./images/T1vsT2pour625.png  used on input line 80.
(pdftex.def)             Requested size: 452.9679pt x 386.13014pt.


[17 <./images/T1vsT2pour125.png>]
<./images/T1vsT2pour2500.png, id=97, 325.215pt x 271.51437pt>
File: ./images/T1vsT2pour2500.png Graphic file (type png)
<use ./images/T1vsT2pour2500.png>
Package pdftex.def Info: ./images/T1vsT2pour2500.png  used on input line 89.
(pdftex.def)             Requested size: 452.9679pt x 378.1993pt.


[18 <./images/T1vsT2pour625.png>]))

[19 <./images/T1vsT2pour2500.png>]

[20] (Rapport.aux)
 ***********
LaTeX2e <2024-11-01>
L3 programming layer <2024-10-09>
 ***********
 ) 
Here is how much of TeX's memory you used:
 2135 strings out of 473701
 37478 string characters out of 5731715
 427292 words of memory out of 5000000
 25204 multiletter control sequences out of 15000+600000
 582348 words of font info for 46 fonts, out of 8000000 for 9000
 1141 hyphenation exceptions out of 8191
 57i,6n,65p,1246b,217s stack positions out of 10000i,1000n,20000p,200000b,200000s
<D:/Programs/MiKTeX/fonts/type1/public/lm/lmbx12.pfb><D:/Programs/MiKTeX/fonts/type1/public/lm/lmr12.pfb>
Output written on Rapport.pdf (20 pages, 940045 bytes).
PDF statistics:
 124 PDF objects out of 1000 (max. 8388607)
 0 named destinations out of 1000 (max. 500000)
 106 words of extra memory for PDF output out of 10000 (max. 10000000)

